0.011320754716981131,2662513.0,265855.07358490565
0.033962264150943396,2456889.0,244500.220754717
0.06415094339622641,2337309.0,231485.6169811321
0.06415094339622641,2208451.0,218599.81698113208
0.06415094339622641,2086621.0,206416.81698113208
0.09433962264150944,1992177.0,195915.81320754718
0.1169811320754717,1902089.0,186114.56037735852
0.1471698113207547,1816429.0,176491.9566037736
0.1471698113207547,1722853.0,167134.3566037736
0.16981132075471697,1642003.0,158256.90377358493
0.17358490566037735,1555373.0,149461.82830188682
0.19622641509433963,1478673.0,140999.37547169812
0.19622641509433963,1404506.0,133582.6754716981
0.2188679245283019,1338836.0,126223.22264150943
0.2188679245283019,1268938.0,119233.42264150943
0.2188679245283019,1205914.0,112931.02264150944
0.2188679245283019,1143164.0,106656.02264150944
0.2490566037735849,1094584.0,100741.41886792454
0.2490566037735849,1038260.0,95109.01886792453
0.27169811320754716,993324.0,89822.96603773585
0.2943396226415094,948644.0,84562.51320754718
0.2943396226415094,896636.0,79361.71320754717
0.2943396226415094,854535.0,75151.61320754717
0.32452830188679244,823575.0,70999.00943396226
0.35094339622641507,792455.0,66962.48113207547
0.38113207547169814,764071.0,63067.47735849057
0.41132075471698115,737179.0,59321.67358490567
0.4339622641509434,708647.0,55676.02075471698
0.4528301886792453,680360.0,52186.943396226416
0.4830188679245283,657388.0,48833.13962264151
0.49056603773584906,626546.0,45484.78867924529
0.5207547169811321,605078.0,42281.38490566038
0.5207547169811321,574726.0,39246.18490566038
0.5509433962264151,555890.0,36305.98113207547
0.5735849056603773,534784.0,33402.92830188679
0.5735849056603773,506707.0,30595.228301886797
0.5735849056603773,479099.0,27834.428301886794
0.5735849056603773,458352.0,25759.728301886797
0.5962264150943396,447560.0,23888.075471698114
0.5962264150943396,429381.0,22070.17547169812
0.6075471698113207,415689.0,20304.749056603774
0.6188679245283019,402402.0,18579.82264150944
0.6188679245283019,385892.0,16928.82264150944
0.6188679245283019,369197.0,15259.32264150944
0.630188679245283,357136.0,13656.996226415093
0.630188679245283,342304.0,12173.796226415096
0.6415094339622641,332393.0,10786.46981132076
0.6415094339622641,319217.0,9468.869811320757
0.6415094339622641,307243.0,8271.46981132076
0.6528301886792452,299275.0,7078.443396226416
0.6528301886792452,287374.0,5888.343396226417
0.6679245283018868,282246.0,4847.241509433967
0.6792452830188679,275811.0,3807.5150943396256
0.690566037735849,269994.0,2829.5886792452875
0.690566037735849,261240.0,1954.188679245286
0.6943396226415094,253900.0,1088.1132075471724
0.6830188679245283,241321.0,226.43962264151196
0.6754716981132075,230603.0,-581.2094339622599
0.6943396226415094,229591.0,-1342.7867924528255
0.6981132075471698,223337.0,-2100.2622641509406
0.7056603773584905,218675.0,-2830.6132075471687
0.720754716981132,217007.0,-3525.715094339619
0.720754716981132,210452.0,-4181.215094339619
0.7245283018867924,205437.0,-4814.790566037733
0.7320754716981132,201753.0,-5447.341509433958
0.7320754716981132,196091.0,-6013.541509433959
0.7433962264150943,194633.0,-6555.567924528299
0.7433962264150943,189607.0,-7058.167924528298
0.7622641509433963,191351.0,-7544.145283018868
0.7735849056603774,191923.0,-7883.171698113209
0.769811320754717,187448.0,-8198.596226415098
0.769811320754717,184302.0,-8513.196226415097
0.7735849056603774,182487.0,-8826.771698113207
0.7735849056603774,179549.0,-9120.571698113206
0.7735849056603774,176655.0,-9409.971698113208
0.7735849056603774,173776.0,-9697.871698113206
0.7773584905660378,172427.0,-9964.84716981132
0.7773584905660378,169837.0,-10223.84716981132
0.7773584905660378,167443.0,-10463.247169811322
0.7811320754716982,166379.0,-10701.722641509434
0.7811320754716982,164147.0,-10924.922641509434
0.7773584905660378,160747.0,-11132.84716981132
0.7773584905660378,158697.0,-11337.84716981132
0.7773584905660378,156227.0,-11584.84716981132
0.7773584905660378,154295.0,-11778.047169811322
0.7773584905660378,152408.0,-11966.74716981132
0.7811320754716982,151897.0,-12149.922641509434
0.7811320754716982,150083.0,-12331.322641509434
0.7811320754716982,148403.0,-12499.322641509434
0.7924528301886793,150678.0,-12668.049056603775
0.7962264150943397,149541.0,-12913.82452830189
0.7962264150943397,148033.0,-13064.624528301889
0.8,147837.0,-13216.3
0.8,146345.0,-13365.5
0.8037735849056604,146184.0,-13513.675471698112
0.8037735849056604,144896.0,-13642.475471698113
0.8037735849056604,143639.0,-13768.175471698112
0.8037735849056604,142559.0,-13876.175471698112
0.8075471698113208,142868.0,-13977.350943396226
0.8075471698113208,141698.0,-14094.350943396226
0.8075471698113208,140288.0,-14235.350943396226
0.8075471698113208,139520.0,-14312.150943396227
0.8075471698113208,138696.0,-14394.550943396227
0.8075471698113208,138112.0,-14452.950943396227
0.8075471698113208,137535.0,-14510.650943396227
0.8075471698113208,136959.0,-14568.250943396226
0.8075471698113208,136405.0,-14623.650943396227
0.8075471698113208,135861.0,-14678.050943396227
0.8075471698113208,135284.0,-14735.750943396226
0.8075471698113208,133512.0,-14912.950943396227
0.7962264150943397,126670.0,-15200.92452830189
0.8037735849056604,126016.0,-15530.475471698113
0.8037735849056604,124788.0,-15653.275471698113
0.8037735849056604,123974.0,-15734.675471698112
0.8037735849056604,123442.0,-15787.875471698113
0.8037735849056604,122946.0,-15837.475471698113
0.8226415094339623,129061.0,-15886.352830188682
0.8264150943396227,129896.0,-15934.928301886792
0.8264150943396227,129454.0,-15979.12830188679
0.8264150943396227,129022.0,-16022.328301886791
0.8226415094339623,127328.0,-16059.652830188681
0.8226415094339623,126764.0,-16116.05283018868
0.8226415094339623,126428.0,-16149.652830188681
0.8226415094339623,126102.0,-16182.252830188681
0.8226415094339623,125799.0,-16212.55283018868
0.8226415094339623,125516.0,-16240.852830188682
0.8226415094339623,125241.0,-16268.352830188682
0.8226415094339623,124211.0,-16371.352830188682
0.8226415094339623,123246.0,-16467.852830188684
0.8226415094339623,122983.0,-16494.15283018868
0.8226415094339623,122734.0,-16519.05283018868
0.8226415094339623,122508.0,-16541.65283018868
0.8226415094339623,121083.0,-16684.15283018868
0.8226415094339623,120679.0,-16724.55283018868
0.8226415094339623,120527.0,-16739.75283018868
0.8226415094339623,120281.0,-16764.352830188684
0.8226415094339623,120131.0,-16779.352830188684
0.8226415094339623,119992.0,-16793.25283018868
0.8226415094339623,119800.0,-16812.452830188682
0.8226415094339623,119667.0,-16825.75283018868
0.8226415094339623,119547.0,-16837.75283018868
0.8226415094339623,119437.0,-16848.75283018868
0.8226415094339623,119327.0,-16859.75283018868
0.8226415094339623,119218.0,-16870.65283018868
0.8226415094339623,119114.0,-16881.05283018868
0.8226415094339623,119010.0,-16891.452830188682
0.8301886792452831,121550.0,-16901.603773584906
0.8301886792452831,120494.0,-17007.203773584904
0.8301886792452831,120398.0,-17016.803773584907
0.8301886792452831,120338.0,-17022.803773584907
0.8301886792452831,120286.0,-17028.003773584904
0.8301886792452831,120274.0,-17029.203773584904
2632
152
