0.011320754716981131,2561664.0,255770.1735849057
0.04150943396226415,2386496.0,237196.76981132076
0.06415094339622641,2241986.0,221953.31698113208
0.08679245283018867,2105664.0,207528.66415094343
0.08679245283018867,1981746.0,195136.8641509434
0.08679245283018867,1863596.0,183321.8641509434
0.08679245283018867,1747380.0,171700.2641509434
0.08679245283018867,1634686.0,160430.8641509434
0.08679245283018867,1534998.0,150462.06415094342
0.1169811320754717,1449282.0,140833.8603773585
0.1169811320754717,1359450.0,131850.6603773585
0.13962264150943396,1292114.0,124324.60754716981
0.16981132075471697,1229222.0,116978.80377358492
0.17358490566037735,1161193.0,110043.8283018868
0.18867924528301888,1098767.0,103272.92641509435
0.2188679245283019,1045447.0,96884.32264150944
0.22641509433962265,990618.0,91137.27169811321
0.22641509433962265,933410.0,85416.47169811321
0.25660377358490566,888330.0,79851.8679245283
0.28679245283018867,843622.0,74324.46415094342
0.28679245283018867,793009.0,69263.1641509434
0.28679245283018867,742966.0,64258.8641509434
0.30943396226415093,705368.0,59706.61132075472
0.30943396226415093,659737.0,55143.51132075471
0.30943396226415093,617879.0,50957.71132075472
0.3320754716981132,585111.0,46888.458490566045
0.33962264150943394,549963.0,43109.507547169815
0.3660377358490566,523190.0,39507.67924528302
0.3849056603773585,494848.0,36013.10188679246
0.41509433962264153,473424.0,32814.09811320755
0.4377358490566038,451886.0,29867.845283018873
0.4490566037735849,427949.0,27077.918867924527
0.47924528301886793,413281.0,24554.51509433963
0.4981132075471698,397164.0,22282.437735849056
0.5283018867924528,387704.0,20279.833962264154
0.539622641509434,372393.0,18352.507547169815
0.5584905660377358,360549.0,16507.73018867925
0.5584905660377358,342861.0,14738.930188679245
0.5735849056603773,330910.0,13015.528301886792
0.5735849056603773,314609.0,11385.428301886794
0.5924528301886792,305753.0,9839.45094339623
0.6037735849056604,294491.0,8317.024528301888
0.6339622641509434,290987.0,6910.020754716981
0.6566037735849056,285331.0,5551.967924528304
0.6566037735849056,272367.0,4255.567924528303
0.6566037735849056,259623.0,2981.167924528305
0.6566037735849056,246906.0,1709.4679245283041
0.6641509433962264,237632.0,517.916981132079
0.6830188679245283,232837.0,-621.9603773584895
0.7018867924528301,229255.0,-1640.537735849055
0.7094339622641509,222897.0,-2540.4886792452817
0.7132075471698113,215400.0,-3422.264150943396
0.7132075471698113,207679.0,-4194.364150943395
0.7358490566037735,207985.0,-4956.216981132075
0.7358490566037735,199506.0,-5804.116981132072
0.7358490566037735,192093.0,-6545.416981132075
0.7471698113207547,188853.0,-7265.643396226413
0.7471698113207547,182360.0,-7914.943396226412
0.7584905660377359,179854.0,-8561.769811320755
0.7622641509433963,174759.0,-9203.345283018869
0.769811320754717,171145.0,-9828.896226415098
0.7773584905660378,168319.0,-10375.64716981132
0.7773584905660378,163624.0,-10845.14716981132
0.7773584905660378,159248.0,-11282.74716981132
0.7849056603773585,157582.0,-11713.498113207548
0.7849056603773585,153552.0,-12116.498113207548
0.7886792452830189,150880.0,-12515.773584905663
0.7924528301886793,148326.0,-12903.249056603776
0.8037735849056604,148575.0,-13274.575471698114
0.8075471698113208,146503.0,-13613.850943396226
0.8075471698113208,143185.0,-13945.650943396227
0.8113207547169812,141390.0,-14257.226415094341
0.8113207547169812,138654.0,-14530.82641509434
0.8113207547169812,134830.0,-14913.226415094341
0.8113207547169812,132382.0,-15158.02641509434
0.8113207547169812,129968.0,-15399.42641509434
0.8150943396226416,129148.0,-15613.501886792454
0.8150943396226416,127130.0,-15815.301886792455
0.8150943396226416,125159.0,-16012.401886792453
0.8226415094339623,125835.0,-16208.952830188682
0.8301886792452831,126687.0,-16387.903773584905
0.8301886792452831,124961.0,-16560.503773584904
0.8415094339622642,126833.0,-16769.530188679244
0.8415094339622642,125487.0,-16904.130188679246
0.8415094339622642,124213.0,-17031.530188679244
0.8415094339622642,123039.0,-17148.930188679245
0.8490566037735849,124603.0,-17256.68113207547
0.8490566037735849,123621.0,-17354.881132075476
0.8490566037735849,122651.0,-17451.881132075476
0.8490566037735849,121706.0,-17546.381132075476
0.8490566037735849,120788.0,-17638.18113207547
0.8490566037735849,119852.0,-17731.781132075474
0.8490566037735849,119238.0,-17793.18113207547
0.8490566037735849,118095.0,-17907.481132075474
0.8490566037735849,117413.0,-17975.68113207547
0.8490566037735849,116825.0,-18034.481132075474
0.8490566037735849,116277.0,-18089.281132075474
0.8490566037735849,115755.0,-18141.481132075474
0.8490566037735849,115240.0,-18192.981132075474
0.8490566037735849,114806.0,-18236.381132075476
0.8490566037735849,114404.0,-18276.581132075473
0.8490566037735849,114038.0,-18313.18113207547
0.8490566037735849,113691.0,-18347.881132075476
0.8490566037735849,113355.0,-18381.481132075474
0.8490566037735849,113036.0,-18413.381132075476
0.8490566037735849,112746.0,-18442.381132075476
0.8490566037735849,112478.0,-18469.18113207547
0.8490566037735849,112218.0,-18495.18113207547
0.8490566037735849,111968.0,-18520.18113207547
0.8490566037735849,111373.0,-18579.68113207547
0.8490566037735849,110878.0,-18629.18113207547
0.8490566037735849,110628.0,-18654.18113207547
0.8490566037735849,110383.0,-18678.68113207547
0.8490566037735849,110168.0,-18700.18113207547
0.8490566037735849,109954.0,-18721.581132075473
0.8490566037735849,109749.0,-18742.081132075473
0.8490566037735849,109473.0,-18769.68113207547
0.8490566037735849,109277.0,-18789.281132075474
0.8490566037735849,109115.0,-18805.481132075474
0.8490566037735849,108955.0,-18821.481132075474
0.8490566037735849,108807.0,-18836.281132075474
0.8490566037735849,108671.0,-18849.881132075476
0.8490566037735849,108537.0,-18863.281132075474
0.8490566037735849,108359.0,-18881.081132075473
0.8490566037735849,108165.0,-18900.481132075474
0.8490566037735849,108037.0,-18913.281132075474
0.8490566037735849,107695.0,-18947.481132075474
0.8490566037735849,107428.0,-18974.18113207547
0.8490566037735849,107326.0,-18984.381132075476
0.8490566037735849,107225.0,-18994.481132075474
0.8528301886792453,108380.0,-19011.056603773584
0.8528301886792453,108132.0,-19035.856603773584
0.8528301886792453,107896.0,-19059.456603773586
0.8528301886792453,107825.0,-19066.556603773584
0.8528301886792453,107757.0,-19073.356603773584
0.8528301886792453,107695.0,-19079.556603773584
0.8528301886792453,107651.0,-19083.956603773586
0.8528301886792453,107627.0,-19086.356603773584
0.8528301886792453,107605.0,-19088.556603773584
0.8528301886792453,107585.0,-19090.556603773584
0.8528301886792453,107544.0,-19094.656603773583
0.8566037735849057,108353.0,-19145.8320754717
0.8566037735849057,108149.0,-19166.232075471697
0.8566037735849057,108102.0,-19170.932075471697
2817
144
