0.011320754716981131,3032856.0,302889.3735849057
0.04150943396226415,2868988.0,285445.96981132077
0.07169811320754717,2717968.0,269287.36603773583
0.07169811320754717,2561448.0,253635.36603773586
0.07169811320754717,2405424.0,238032.96603773587
0.07169811320754717,2278712.0,225361.76603773586
0.09433962264150944,2166500.0,213348.11320754717
0.1169811320754717,2055500.0,201455.6603773585
0.1169811320754717,1937226.0,189628.2603773585
0.13962264150943396,1827218.0,177835.00754716984
0.13962264150943396,1715634.0,166676.60754716984
0.16981132075471697,1614814.0,155538.00377358493
0.16981132075471697,1506184.0,144675.0037735849
0.1811320754716981,1412394.0,134899.77735849057
0.21132075471698114,1330182.0,125621.97358490567
0.2339622641509434,1250326.0,116843.920754717
0.2339622641509434,1166594.0,108470.720754717
0.2339622641509434,1088170.0,100628.32075471699
0.25660377358490566,1032504.0,94269.2679245283
0.25660377358490566,969154.0,87934.2679245283
0.2792452830188679,922000.0,82426.41509433962
0.2830188679245283,870844.0,77178.73962264151
0.3132075471698113,834652.0,72502.93584905661
0.3132075471698113,795236.0,68561.3358490566
0.3132075471698113,756710.0,64708.735849056604
0.3132075471698113,720814.0,61119.13584905661
0.3132075471698113,681900.0,57227.735849056604
0.33584905660377357,655690.0,53814.28301886792
0.33584905660377357,622258.0,50471.083018867925
0.3584905660377358,597162.0,47169.03018867925
0.38113207547169814,572532.0,43913.57735849057
0.4037735849056604,550730.0,40940.92452830188
0.4339622641509434,533558.0,38167.12075471698
0.45660377358490567,514242.0,35443.06792452831
0.4716981132075472,493202.0,32810.766037735855
0.49433962264150944,471406.0,29838.713207547175
0.4981132075471698,444929.0,27058.937735849056
0.4981132075471698,418899.0,24455.937735849056
0.5132075471698113,399172.0,21954.93584905661
0.5245283018867924,379771.0,19618.60943396226
0.5471698113207547,365727.0,17421.75660377359
0.5735849056603773,354303.0,15354.828301886795
0.6037735849056604,346415.0,13509.424528301886
0.6339622641509434,338669.0,11678.220754716982
0.630188679245283,319866.0,9929.996226415096
0.6377358490566037,305240.0,8203.24528301887
0.6377358490566037,289721.0,6651.345283018873
0.6415094339622641,276612.0,5208.369811320757
0.6415094339622641,263610.0,3908.1698113207567
0.6830188679245283,265234.0,2617.7396226415112
0.690566037735849,255634.0,1393.5886792452875
0.720754716981132,254794.0,252.98490566038163
0.7320754716981132,247914.0,-831.2415094339594
0.7471698113207547,243210.0,-1829.943396226412
0.769811320754717,241558.0,-2787.596226415095
0.7849056603773585,234092.0,-4062.498113207548
0.7962264150943397,229334.0,-4934.5245283018885
0.7962264150943397,221129.0,-5755.0245283018885
0.8113207547169812,218965.0,-6499.726415094341
0.8150943396226416,212336.0,-7294.701886792453
0.8339622641509434,211560.0,-8032.67924528302
0.8641509433962264,214800.0,-8765.283018867925
0.8754716981132076,211954.0,-9446.109433962265
0.8830188679245283,208036.0,-10102.060377358488
0.8905660377358491,204408.0,-10729.011320754715
0.8943396226415095,199724.0,-11329.48679245283
0.909433962264151,199332.0,-11896.988679245282
0.9132075471698113,195172.0,-12445.064150943395
0.9207547169811321,192502.0,-12976.215094339623
0.9207547169811321,187594.0,-13467.015094339622
0.9245283018867925,184260.0,-13932.490566037737
0.9245283018867925,180519.0,-14306.590566037736
0.9245283018867925,177069.0,-14651.590566037736
0.9320754716981132,176341.0,-14988.541509433962
0.9320754716981132,173189.0,-15303.741509433963
0.9509433962264151,176759.0,-15607.118867924524
0.9547169811320755,175193.0,-15895.794339622644
0.9547169811320755,172343.0,-16180.794339622644
0.9584905660377359,171078.0,-16439.369811320754
0.9584905660377359,168527.0,-16694.469811320752
0.9584905660377359,166113.0,-16935.869811320754
0.9584905660377359,163743.0,-17172.86981132075
0.9584905660377359,161395.0,-17407.669811320753
0.9584905660377359,159226.0,-17624.569811320755
0.9584905660377359,157378.0,-17809.36981132075
0.9584905660377359,155539.0,-17993.26981132075
0.9584905660377359,153987.0,-18148.469811320752
0.9584905660377359,152444.0,-18302.76981132075
0.9584905660377359,150917.0,-18455.469811320752
0.9584905660377359,149403.0,-18606.86981132075
0.9584905660377359,147897.0,-18757.469811320752
0.9773584905660377,152999.0,-18907.647169811316
0.9773584905660377,151527.0,-19054.847169811317
0.9773584905660377,150174.0,-19190.147169811316
0.9773584905660377,148948.0,-19312.747169811315
0.9811320754716981,149093.0,-19430.322641509432
0.9811320754716981,147933.0,-19546.322641509432
0.9811320754716981,146797.0,-19659.922641509434
0.9811320754716981,145678.0,-19771.822641509432
0.9811320754716981,144576.0,-19882.022641509437
0.9811320754716981,143566.0,-19983.022641509437
0.9811320754716981,142784.0,-20061.222641509434
0.9811320754716981,142100.0,-20129.622641509435
0.9811320754716981,141498.0,-20189.822641509432
0.9811320754716981,140906.0,-20249.022641509437
0.9811320754716981,140320.0,-20307.622641509435
0.9811320754716981,139793.0,-20360.322641509432
0.9811320754716981,139307.0,-20408.922641509434
0.9811320754716981,138859.0,-20453.722641509434
0.9811320754716981,138440.0,-20495.622641509435
0.9811320754716981,137969.0,-20542.722641509434
0.9811320754716981,137639.0,-20575.722641509434
0.9811320754716981,137311.0,-20608.522641509437
0.9811320754716981,136986.0,-20641.022641509437
0.9811320754716981,136668.0,-20672.822641509432
0.9811320754716981,136368.0,-20702.822641509432
0.9811320754716981,136080.0,-20731.622641509435
0.9811320754716981,135802.0,-20759.422641509434
0.9886792452830189,137802.0,-20823.573584905662
0.9886792452830189,137552.0,-20848.573584905662
0.9849056603773585,134686.0,-21003.098113207547
0.9849056603773585,134442.0,-21027.498113207545
0.9849056603773585,134232.0,-21048.498113207545
0.9849056603773585,134031.0,-21068.598113207547
0.9849056603773585,133845.0,-21087.198113207545
0.9849056603773585,133665.0,-21105.198113207545
0.9735849056603774,129207.0,-21154.771698113207
0.9735849056603774,129043.0,-21171.171698113205
0.9735849056603774,128884.0,-21187.071698113206
0.9735849056603774,128734.0,-21202.071698113206
0.9735849056603774,128628.0,-21212.671698113205
0.9735849056603774,128536.0,-21221.87169811321
0.9735849056603774,128446.0,-21230.87169811321
0.9735849056603774,128377.0,-21237.771698113207
0.9735849056603774,128326.0,-21242.87169811321
0.9735849056603774,128276.0,-21247.87169811321
0.9735849056603774,128246.0,-21250.87169811321
0.9735849056603774,128218.0,-21253.671698113205
0.9735849056603774,128201.0,-21255.37169811321
0.9735849056603774,128198.0,-21255.671698113205
2656
140
