0.011320754716981131,2335292.0,233132.97358490567
0.033962264150943396,2208038.0,219615.120754717
0.05660377358490566,2085956.0,206614.46792452832
0.05660377358490566,1956018.0,193620.66792452833
0.07924528301886792,1840400.0,181266.4150943396
0.10943396226415095,1734824.0,169652.21132075475
0.10943396226415095,1625552.0,158725.01132075474
0.10943396226415095,1522326.0,148402.41132075473
0.1509433962264151,1436720.0,138388.98113207548
0.1509433962264151,1350552.0,129772.18113207548
0.1811320754716981,1277676.0,121427.97735849058
0.1811320754716981,1194802.0,113140.57735849058
0.2037735849056604,1121874.0,105055.32452830189
0.2339622641509434,1064682.0,98279.520754717
0.25660377358490566,1011682.0,92187.06792452831
0.2792452830188679,959918.0,86218.21509433963
0.2943396226415094,906855.0,80383.61320754717
0.3169811320754717,863565.0,75262.1603773585
0.3169811320754717,814221.0,70327.7603773585
0.3169811320754717,770401.0,65945.7603773585
0.3471698113207547,742297.0,62078.75660377358
0.36981132075471695,713053.0,58361.90377358491
0.36981132075471695,677389.0,54795.50377358492
0.39245283018867927,651089.0,51373.05094339623
0.4226415094339623,628693.0,48076.84716981132
0.4339622641509434,602972.0,45108.520754716985
0.44528301886792454,577392.0,42154.29433962265
0.47547169811320755,560664.0,39424.890566037735
0.4981132075471698,542716.0,36837.63773584906
0.5094339622641509,521469.0,34316.71132075472
0.539622641509434,508297.0,31942.907547169816
0.5622641509433962,492575.0,29578.254716981133
0.5849056603773585,478475.0,27375.801886792455
0.6113207547169811,465803.0,25184.073584905665
0.6415094339622641,455259.0,23073.069811320758
0.6716981132075471,444763.0,20966.866037735854
0.6981132075471698,433967.0,18962.737735849063
0.7094339622641509,417950.0,16964.811320754718
0.720754716981132,402516.0,15025.184905660386
0.720754716981132,383194.0,13092.984905660382
0.720754716981132,365408.0,11314.384905660383
0.720754716981132,348386.0,9612.184905660379
0.7358490566037735,336906.0,7935.883018867924
0.7773584905660378,335507.0,6343.152830188683
0.7773584905660378,321998.0,4992.252830188681
0.7849056603773585,312866.0,3814.9018867924533
0.8,306418.0,2641.800000000003
0.8113207547169812,299321.0,1535.8735849056611
0.8113207547169812,288363.0,440.07358490566185
0.8226415094339623,281517.0,-640.7528301886814
0.8301886792452831,273773.0,-1679.303773584903
0.8264150943396227,262256.0,-2698.92830188679
0.8377358490566038,253901.0,-3930.654716981131
0.8415094339622642,245084.0,-4944.4301886792455
0.8490566037735849,239082.0,-5808.781132075474
0.8566037735849057,233354.0,-6645.732075471697
0.8641509433962264,228112.0,-7434.083018867925
0.8754716981132076,224602.0,-8181.309433962266
0.8830188679245283,219913.0,-8914.360377358487
0.8830188679245283,212826.0,-9623.060377358488
0.879245283018868,204432.0,-10330.384905660376
0.8830188679245283,198774.0,-11028.260377358489
0.8981132075471698,197222.0,-11711.762264150944
0.9018867924528302,194142.0,-12151.837735849058
0.9056603773584906,191104.0,-12587.71320754717
0.9056603773584906,186942.0,-13003.913207547172
0.909433962264151,184429.0,-13387.288679245281
0.909433962264151,180629.0,-13767.288679245281
0.9169811320754717,179545.0,-14139.83962264151
0.9245283018867925,178495.0,-14508.990566037737
0.9283018867924528,176531.0,-14837.466037735849
0.9283018867924528,173252.0,-15165.36603773585
0.9283018867924528,170000.0,-15490.56603773585
0.9283018867924528,166845.0,-15806.06603773585
0.9320754716981132,165127.0,-16109.941509433964
0.9320754716981132,162182.0,-16404.441509433964
0.939622641509434,161961.0,-16690.69245283019
0.939622641509434,159171.0,-16969.69245283019
0.9584905660377359,163426.0,-17204.569811320755
0.9547169811320755,160108.0,-17404.29433962264
0.9547169811320755,158214.0,-17593.69433962264
0.9547169811320755,156362.0,-17778.894339622642
0.9660377358490566,158239.0,-17987.42075471698
0.9660377358490566,156483.0,-18163.020754716978
0.9660377358490566,154754.0,-18335.92075471698
0.9660377358490566,153026.0,-18508.720754716982
0.9660377358490566,151402.0,-18671.12075471698
0.9660377358490566,150036.0,-18807.720754716982
0.9660377358490566,148765.0,-18934.82075471698
0.969811320754717,148829.0,-19060.496226415096
0.969811320754717,147652.0,-19178.196226415097
0.969811320754717,146496.0,-19293.7962264151
0.969811320754717,145355.0,-19407.896226415098
0.969811320754717,144217.0,-19521.696226415097
0.9849056603773585,147944.0,-19677.298113207544
0.9849056603773585,146840.0,-19787.698113207545
0.9849056603773585,145742.0,-19897.498113207545
0.9849056603773585,144767.0,-19994.998113207545
0.9849056603773585,143833.0,-20088.398113207542
0.9849056603773585,142873.0,-20184.398113207542
0.9849056603773585,141997.0,-20271.998113207545
0.9849056603773585,141292.0,-20342.498113207545
0.9849056603773585,140632.0,-20408.498113207545
0.9849056603773585,139977.0,-20473.998113207545
0.9849056603773585,138878.0,-20583.898113207542
0.9849056603773585,138240.0,-20647.698113207545
0.9849056603773585,137620.0,-20709.698113207545
0.9849056603773585,137005.0,-20771.198113207545
0.9849056603773585,136409.0,-20830.798113207544
0.9849056603773585,135857.0,-20885.998113207545
0.9849056603773585,135313.0,-20940.398113207542
0.9886792452830189,136011.0,-21002.673584905664
0.9886792452830189,134841.0,-21119.673584905664
0.9886792452830189,133796.0,-21224.173584905664
0.9886792452830189,133346.0,-21269.173584905664
0.9886792452830189,132726.0,-21331.173584905664
0.9886792452830189,132248.0,-21378.97358490566
0.9886792452830189,131322.0,-21471.573584905662
0.9886792452830189,130790.0,-21524.773584905663
0.9886792452830189,130342.0,-21569.573584905662
0.9886792452830189,129853.0,-21618.47358490566
0.9886792452830189,129475.0,-21656.273584905663
0.9886792452830189,129107.0,-21693.073584905662
0.9886792452830189,128742.0,-21729.573584905662
0.9886792452830189,128391.0,-21764.673584905664
0.9886792452830189,128029.0,-21800.87358490566
0.9886792452830189,127741.0,-21829.673584905664
0.9886792452830189,127475.0,-21856.273584905663
0.9886792452830189,127225.0,-21881.273584905663
0.9886792452830189,126990.0,-21904.773584905663
0.9886792452830189,126809.0,-21922.87358490566
0.9886792452830189,126631.0,-21940.673584905664
0.9886792452830189,126463.0,-21957.47358490566
0.9886792452830189,126329.0,-21970.87358490566
0.9886792452830189,126229.0,-21980.87358490566
0.9886792452830189,126144.0,-21989.37358490566
0.9886792452830189,126060.0,-21997.773584905663
0.9886792452830189,125977.0,-22006.073584905662
0.9886792452830189,125901.0,-22013.673584905664
0.9886792452830189,125830.0,-22020.773584905663
0.9886792452830189,125763.0,-22027.47358490566
0.9886792452830189,125385.0,-22065.273584905663
0.9886792452830189,125365.0,-22067.273584905663
0.9886792452830189,125141.0,-22089.673584905664
0.9886792452830189,125009.0,-22102.87358490566
0.9886792452830189,124993.0,-22104.47358490566
2576
146
