0.011320754716981131,2897392.0,289342.9735849057
0.011320754716981131,2746768.0,274280.57358490565
0.011320754716981131,2590672.0,258670.97358490567
0.04150943396226415,2459712.0,244518.36981132076
0.04150943396226415,2302432.0,228790.36981132076
0.04150943396226415,2186590.0,217206.16981132075
0.04150943396226415,2074800.0,206027.16981132075
0.06415094339622641,1973460.0,195100.71698113208
0.09433962264150944,1884724.0,185170.5132075472
0.09433962264150944,1788848.0,175582.9132075472
0.12452830188679245,1709552.0,166596.70943396227
0.14339622641509434,1629959.0,157977.0320754717
0.1660377358490566,1554273.0,149615.97924528303
0.19622641509433963,1484505.0,141582.5754716981
0.21509433962264152,1398272.0,132298.89811320757
0.21509433962264152,1322014.0,124673.09811320754
0.23773584905660378,1255128.0,117192.04528301887
0.2679245283018868,1196344.0,110257.04150943397
0.2679245283018868,1131251.0,103747.74150943397
0.2679245283018868,1070003.0,97622.94150943396
0.2981132075471698,1023271.0,91893.13773584906
0.3169811320754717,978507.0,86756.3603773585
0.3169811320754717,929295.0,81835.1603773585
0.3169811320754717,881740.0,77079.6603773585
0.3169811320754717,834637.0,72369.3603773585
0.33962264150943394,801551.0,68268.30754716982
0.36981132075471695,772079.0,64264.50377358492
0.38113207547169814,738757.0,60536.07735849056
0.41132075471698115,714373.0,57041.073584905665
0.44150943396226416,691017.0,53648.86981132075
0.44150943396226416,657717.0,50318.86981132075
0.44150943396226416,624787.0,47025.86981132076
0.45660377358490567,601657.0,44184.56792452831
0.4679245283018868,578962.0,41518.841509433965
0.47924528301886793,558002.0,39026.61509433963
0.4867924528301887,537108.0,36673.0641509434
0.4867924528301887,515052.0,34467.4641509434
0.5094339622641509,502798.0,32449.61132075472
0.5094339622641509,483024.0,30472.21132075472
0.5169811320754717,466414.0,28547.06037735849
0.539622641509434,456248.0,26738.007547169815
0.569811320754717,448860.0,24942.603773584906
0.5660377358490566,430726.0,23261.279245283025
0.5773584905660377,418213.0,21613.75283018868
0.5886792452830188,405733.0,19969.526415094344
0.5811320754716981,389300.0,18590.37735849057
0.5811320754716981,375820.0,17242.37735849057
0.5811320754716981,363480.0,16008.377358490568
0.5924528301886792,355269.0,14791.050943396229
0.5924528301886792,343351.0,13599.250943396226
0.5924528301886792,332017.0,12465.850943396232
0.5849056603773585,318049.0,11333.201886792456
0.5849056603773585,307927.0,10321.001886792455
0.5849056603773585,298055.0,9333.801886792455
0.6,293711.0,8371.100000000002
0.6226415094339622,290993.0,7306.847169811324
0.6264150943396226,282740.0,6349.471698113208
0.6188679245283019,270683.0,5407.922641509438
0.6188679245283019,262605.0,4600.122641509435
0.6188679245283019,254806.0,3820.2226415094374
0.6188679245283019,247046.0,3044.2226415094374
0.6188679245283019,240416.0,2381.2226415094374
0.6226415094339622,235314.0,1738.947169811323
0.6226415094339622,229200.0,1127.5471698113215
0.6226415094339622,223330.0,540.5471698113215
0.6226415094339622,217477.0,-44.75283018867776
0.6226415094339622,212097.0,-582.7528301886778
0.6264150943396226,208515.0,-1073.0283018867922
0.6339622641509434,206358.0,-1552.8792452830166
0.6452830188679245,205684.0,-2016.5056603773555
0.6490566037735849,202751.0,-2441.8811320754685
0.6566037735849056,201267.0,-2854.4320754716973
0.6566037735849056,197931.0,-3188.032075471696
0.6679245283018868,198745.0,-3502.8584905660355
0.6679245283018868,195809.0,-3796.458490566034
0.6716981132075471,194219.0,-4087.5339622641477
0.6716981132075471,191366.0,-4372.833962264147
0.6754716981132075,189913.0,-4650.209433962264
0.6754716981132075,187247.0,-4916.809433962262
0.6754716981132075,184786.0,-5162.909433962261
0.6754716981132075,182498.0,-5391.709433962264
0.6754716981132075,180515.0,-5590.009433962263
0.6754716981132075,178555.0,-5786.009433962263
0.6754716981132075,176655.0,-5976.009433962263
0.6830188679245283,177431.0,-6162.560377358488
0.6867924528301886,176948.0,-6342.935849056605
0.6867924528301886,175556.0,-6482.135849056602
0.6867924528301886,174231.0,-6614.635849056602
0.6867924528301886,172696.0,-6768.135849056602
0.6943396226415094,174020.0,-6899.886792452828
0.690566037735849,170861.0,-7083.711320754712
0.690566037735849,169198.0,-7250.011320754715
0.690566037735849,167776.0,-7392.211320754712
0.690566037735849,166459.0,-7523.9113207547125
0.690566037735849,164689.0,-7700.9113207547125
0.690566037735849,163049.0,-7864.9113207547125
0.690566037735849,161869.0,-7982.9113207547125
0.690566037735849,160701.0,-8099.711320754714
0.690566037735849,159600.0,-8209.811320754714
0.690566037735849,158616.0,-8308.211320754714
0.690566037735849,157663.0,-8403.511320754713
0.690566037735849,156839.0,-8485.911320754713
0.690566037735849,156048.0,-8565.011320754713
0.690566037735849,155343.0,-8635.511320754713
0.690566037735849,151733.0,-8996.511320754713
0.690566037735849,151046.0,-9065.211320754714
0.690566037735849,149948.0,-9175.011320754713
0.6943396226415094,150415.0,-9260.386792452828
0.6943396226415094,148490.0,-9452.886792452828
0.6943396226415094,147532.0,-9548.686792452827
0.6943396226415094,146992.0,-9602.686792452827
0.6943396226415094,146264.0,-9675.486792452826
0.6943396226415094,145729.0,-9728.986792452826
0.6943396226415094,145199.0,-9781.986792452826
0.6943396226415094,144189.0,-9882.986792452826
0.6943396226415094,143671.0,-9934.786792452827
0.690566037735849,141176.0,-10052.211320754714
0.690566037735849,140712.0,-10098.611320754713
0.690566037735849,140240.0,-10145.811320754714
0.690566037735849,139810.0,-10188.811320754714
0.690566037735849,139054.0,-10264.411320754713
0.690566037735849,138614.0,-10308.411320754713
0.690566037735849,138186.0,-10351.211320754714
0.690566037735849,137787.0,-10391.111320754713
0.690566037735849,137391.0,-10430.711320754714
0.690566037735849,137070.0,-10462.811320754714
0.690566037735849,136770.0,-10492.811320754714
0.690566037735849,136174.0,-10552.411320754713
0.690566037735849,135889.0,-10580.911320754713
0.690566037735849,135618.0,-10608.011320754713
0.690566037735849,135398.0,-10630.011320754713
0.7056603773584905,140286.0,-10669.513207547168
0.7056603773584905,140080.0,-10690.113207547169
0.7056603773584905,139894.0,-10708.713207547167
0.7056603773584905,139753.0,-10722.813207547168
0.7056603773584905,139618.0,-10736.313207547168
0.7056603773584905,139502.0,-10747.913207547168
0.7056603773584905,139420.0,-10756.113207547169
0.7056603773584905,138963.0,-10801.813207547168
0.7056603773584905,138884.0,-10809.713207547167
0.7056603773584905,138749.0,-10823.213207547167
0.7056603773584905,138676.0,-10830.513207547168
0.7056603773584905,137585.0,-10939.613207547169
0.7056603773584905,137517.0,-10946.413207547168
0.7056603773584905,137455.0,-10952.613207547169
0.7056603773584905,137353.0,-10962.813207547168
0.7056603773584905,137305.0,-10967.613207547169
0.7056603773584905,137083.0,-10989.813207547168
0.7056603773584905,136973.0,-11000.813207547168
0.7056603773584905,136925.0,-11005.613207547169
0.7056603773584905,136725.0,-11025.613207547169
0.7056603773584905,136708.0,-11027.313207547168
0.7056603773584905,136699.0,-11028.213207547167
0.7056603773584905,136307.0,-11067.413207547168
0.7056603773584905,135127.0,-11185.413207547168
0.7056603773584905,134906.0,-11207.513207547168
0.7056603773584905,134753.0,-11222.813207547168
0.7056603773584905,134599.0,-11238.213207547167
2714
158
