1.0,484959.0,13495.900000000001
1.0,470850.0,12085.0
1.0,457825.0,10782.5
1.0,445395.0,9539.5
1.0,433609.0,8360.900000000001
1.0,422937.0,7293.700000000004
1.0,413717.0,6371.700000000004
1.0,404527.0,5452.700000000004
1.0,396425.0,4642.5
1.0,388535.0,3853.5
1.0,380765.0,3076.5
1.0,373255.0,2325.5
1.0,365771.0,1577.0999999999985
1.0,358350.0,835.0
1.0,351500.0,150.0
1.0,345040.0,-496.0
1.0,338760.0,-1124.0
1.0,332662.0,-1733.7999999999956
1.0,326722.0,-2327.7999999999993
1.0,321040.0,-2896.0
1.0,316070.0,-3393.0
1.0,311163.0,-3883.699999999997
1.0,306553.0,-4344.699999999997
1.0,301994.0,-4800.5999999999985
1.0,297544.0,-5245.5999999999985
1.0,293459.0,-5654.0999999999985
1.0,289402.0,-6059.799999999999
1.0,285368.0,-6463.199999999997
1.0,282025.0,-6797.5
1.0,278981.0,-7101.899999999998
1.0,275955.0,-7404.5
1.0,273023.0,-7697.699999999997
1.0,270245.0,-7975.5
1.0,267621.0,-8237.899999999998
1.0,265171.0,-8482.899999999998
1.0,262729.0,-8727.099999999999
1.0,260301.0,-8969.899999999998
1.0,258024.0,-9197.599999999999
0.9886792452830189,250646.0,-9539.17358490566
0.9886792452830189,248581.0,-9745.67358490566
0.9886792452830189,246721.0,-9931.67358490566
0.9886792452830189,244891.0,-10114.67358490566
0.9886792452830189,243075.0,-10296.273584905663
0.9886792452830189,241293.0,-10474.47358490566
0.9773584905660377,235603.0,-10647.247169811315
0.9849056603773585,235714.0,-10900.298113207544
0.9849056603773585,234063.0,-11065.398113207542
0.9849056603773585,232452.0,-11226.498113207545
0.9811320754716981,229246.0,-11415.022641509433
0.9811320754716981,227684.0,-11571.222641509434
0.9811320754716981,226192.0,-11720.422641509434
0.9811320754716981,224804.0,-11859.222641509434
0.9811320754716981,223423.0,-11997.322641509432
0.9811320754716981,222204.0,-12119.222641509434
0.9811320754716981,221004.0,-12239.222641509434
0.9811320754716981,219814.0,-12358.222641509434
0.9811320754716981,218698.0,-12469.822641509432
0.9660377358490566,212310.0,-12580.32075471698
0.9471698113207547,203560.0,-12794.943396226416
0.9584905660377359,206258.0,-12921.36981132075
0.9584905660377359,204665.0,-13080.669811320753
0.9584905660377359,203569.0,-13190.269811320752
0.9547169811320755,201179.0,-13297.194339622642
0.9547169811320755,200124.0,-13402.694339622642
0.9547169811320755,199134.0,-13501.694339622642
0.9547169811320755,198145.0,-13600.594339622643
0.9547169811320755,197188.0,-13696.29433962264
0.9547169811320755,195970.0,-13818.094339622643
0.9547169811320755,195055.0,-13909.594339622643
0.9358490566037736,187545.0,-14000.216981132075
0.939622641509434,187880.0,-14098.792452830188
0.939622641509434,186982.0,-14188.592452830188
0.9207547169811321,179502.0,-14276.215094339623
0.9207547169811321,178672.0,-14359.215094339623
0.9207547169811321,177844.0,-14442.015094339622
0.9207547169811321,177172.0,-14509.215094339623
0.9207547169811321,176522.0,-14574.215094339623
0.9207547169811321,175896.0,-14636.815094339621
0.9207547169811321,175294.0,-14697.015094339622
0.9207547169811321,174754.0,-14751.015094339622
0.9207547169811321,174229.0,-14803.515094339622
0.9207547169811321,173733.0,-14853.115094339624
0.9207547169811321,173273.0,-14899.115094339624
0.9207547169811321,170893.0,-15137.115094339624
0.9207547169811321,169553.0,-15271.115094339624
0.9018867924528302,162493.0,-15316.737735849058
0.9018867924528302,160373.0,-15528.737735849058
0.9018867924528302,159833.0,-15582.737735849058
0.8981132075471698,157853.0,-15648.662264150944
0.8981132075471698,157408.0,-15693.162264150944
0.8981132075471698,156974.0,-15736.562264150944
0.8981132075471698,156444.0,-15789.562264150944
0.8981132075471698,156064.0,-15827.562264150944
0.8981132075471698,155706.0,-15863.362264150945
0.8981132075471698,155374.0,-15896.562264150944
0.8943396226415095,153583.0,-15943.58679245283
0.8943396226415095,153255.0,-15976.386792452831
0.8943396226415095,152923.0,-16009.58679245283
0.8943396226415095,152651.0,-16036.786792452831
0.8943396226415095,152390.0,-16062.886792452831
0.8943396226415095,152164.0,-16085.48679245283
0.8943396226415095,151992.0,-16102.68679245283
0.8943396226415095,151825.0,-16119.386792452831
0.8943396226415095,151693.0,-16132.58679245283
0.8943396226415095,151567.0,-16145.18679245283
0.8943396226415095,151444.0,-16157.48679245283
0.8943396226415095,151335.0,-16168.386792452831
0.8943396226415095,151229.0,-16178.98679245283
0.8943396226415095,151125.0,-16189.386792452831
0.8943396226415095,151029.0,-16198.98679245283
0.8943396226415095,150940.0,-16207.886792452831
0.8943396226415095,150856.0,-16216.286792452831
0.8943396226415095,150756.0,-16226.286792452831
0.8943396226415095,150672.0,-16234.68679245283
0.8943396226415095,150597.0,-16242.18679245283
0.8943396226415095,150525.0,-16249.386792452831
0.8943396226415095,150323.0,-16269.58679245283
0.8943396226415095,150263.0,-16275.58679245283
0.8943396226415095,150203.0,-16281.58679245283
0.8943396226415095,150143.0,-16287.58679245283
0.8943396226415095,150091.0,-16292.786792452831
0.8943396226415095,150003.0,-16301.58679245283
0.8943396226415095,149961.0,-16305.786792452831
0.8905660377358491,148456.0,-16324.211320754717
0.8905660377358491,148399.0,-16329.911320754716
0.8867924528301887,147037.0,-16334.035849056603
0.8867924528301887,147003.0,-16337.435849056603
0.8867924528301887,146991.0,-16338.635849056604
0.8490566037735849,132538.0,-16463.18113207547
0.8641509433962264,136096.0,-16635.683018867923
0.8641509433962264,134686.0,-16776.683018867923
0.8641509433962264,134554.0,-16789.883018867924
0.8641509433962264,134504.0,-16794.883018867924
0.8641509433962264,134464.0,-16798.883018867924
2462
134
